#
# There is insufficient memory for the Java Runtime Environment to continue.
# Native memory allocation (mmap) failed to map 65536 bytes for Failed to commit metaspace.
# Possible reasons:
#   The system is out of physical RAM or swap space
#   The process is running with CompressedOops enabled, and the Java Heap may be blocking the growth of the native heap
# Possible solutions:
#   Reduce memory load on the system
#   Increase physical memory or swap space
#   Check if swap backing store is full
#   Decrease Java heap size (-Xmx/-Xms)
#   Decrease number of Java threads
#   Decrease Java thread stack sizes (-Xss)
#   Set larger code cache with -XX:ReservedCodeCacheSize=
#     maximum limit for the native heap growth. Please use -XX:HeapBaseMinAddress
#     to set the Java Heap base and to place the Java Heap above 4GB virtual address.
# This output file may be truncated or incomplete.
#
#  Out of Memory Error (virtualSpaceNode.cpp:110), pid=2532, tid=13020
#
# JRE version: OpenJDK Runtime Environment (17.0.2+8) (build 17.0.2+8-86)
# Java VM: OpenJDK 64-Bit Server VM (17.0.2+8-86, mixed mode, emulated-client, sharing, tiered, compressed oops, compressed class ptrs, g1 gc, windows-amd64)
# No core dump will be written. Minidumps are not enabled by default on client versions of Windows
#

---------------  S U M M A R Y ------------

Command Line: -XX:TieredStopAtLevel=1 -Dspring.output.ansi.enabled=always -Dcom.sun.management.jmxremote -Dspring.jmx.enabled=true -Dspring.liveBeansView.mbeanDomain -Dspring.application.admin.enabled=true -Dmanagement.endpoints.jmx.exposure.include=* -javaagent:C:\Program Files\JetBrains\IntelliJ IDEA 2023.2.1\lib\idea_rt.jar=59543:C:\Program Files\JetBrains\IntelliJ IDEA 2023.2.1\bin -Dfile.encoding=UTF-8 demo.sad.invoiceservice.InvoiceserviceApplication

Host: Intel(R) Core(TM) i3-8130U CPU @ 2.20GHz, 4 cores, 3G,  Windows 11 , 64 bit Build 22621 (10.0.22621.3374)
Time: Tue May 14 22:33:49 2024 SE Asia Standard Time elapsed time: 26.359756 seconds (0d 0h 0m 26s)

---------------  T H R E A D  ---------------

Current thread (0x0000016df411e780):  JavaThread "main" [_thread_in_vm, id=13020, stack(0x0000000463300000,0x0000000463400000)]

Stack: [0x0000000463300000,0x0000000463400000]
Native frames: (J=compiled Java code, j=interpreted, Vv=VM code, C=native code)
V  [jvm.dll+0x670baa]
V  [jvm.dll+0x7cfcb4]
V  [jvm.dll+0x7d145e]
V  [jvm.dll+0x7d1ac3]
V  [jvm.dll+0x242bc5]
V  [jvm.dll+0x7cbc5b]
V  [jvm.dll+0x616966]
V  [jvm.dll+0x1be3ee]
V  [jvm.dll+0x6192a1]
V  [jvm.dll+0x617306]
V  [jvm.dll+0x2385a0]
V  [jvm.dll+0x1e880d]
V  [jvm.dll+0x1de251]
V  [jvm.dll+0x537c30]
V  [jvm.dll+0x74ad28]
V  [jvm.dll+0x74ae14]
V  [jvm.dll+0x408cc5]
V  [jvm.dll+0x40ed18]
C  [java.dll+0x17ec]

Java frames: (J=compiled Java code, j=interpreted, Vv=VM code)
J 1155  java.lang.ClassLoader.defineClass1(Ljava/lang/ClassLoader;Ljava/lang/String;[BIILjava/security/ProtectionDomain;Ljava/lang/String;)Ljava/lang/Class; java.base@17.0.2 (0 bytes) @ 0x0000016dfbc024e3 [0x0000016dfbc02420+0x00000000000000c3]
j  java.lang.System$2.defineClass(Ljava/lang/ClassLoader;Ljava/lang/String;[BLjava/security/ProtectionDomain;Ljava/lang/String;)Ljava/lang/Class;+10 java.base@17.0.2
j  java.lang.reflect.Proxy$ProxyBuilder.defineProxyClass(Ljava/lang/Module;Ljava/util/List;)Ljava/lang/Class;+398 java.base@17.0.2
j  java.lang.reflect.Proxy$ProxyBuilder.build()Ljava/lang/reflect/Constructor;+8 java.base@17.0.2
j  java.lang.reflect.Proxy.lambda$getProxyConstructor$0(Ljava/lang/ClassLoader;Ljdk/internal/loader/AbstractClassLoaderValue$Sub;)Ljava/lang/reflect/Constructor;+15 java.base@17.0.2
j  java.lang.reflect.Proxy$$Lambda$22+0x0000000800c76f80.apply(Ljava/lang/Object;Ljava/lang/Object;)Ljava/lang/Object;+8 java.base@17.0.2
j  jdk.internal.loader.AbstractClassLoaderValue$Memoizer.get()Ljava/lang/Object;+75 java.base@17.0.2
J 2526 c1 jdk.internal.loader.AbstractClassLoaderValue.computeIfAbsent(Ljava/lang/ClassLoader;Ljava/util/function/BiFunction;)Ljava/lang/Object; java.base@17.0.2 (113 bytes) @ 0x0000016dfbf38d94 [0x0000016dfbf38aa0+0x00000000000002f4]
J 2622 c1 java.lang.reflect.Proxy.getProxyConstructor(Ljava/lang/Class;Ljava/lang/ClassLoader;[Ljava/lang/Class;)Ljava/lang/reflect/Constructor; java.base@17.0.2 (92 bytes) @ 0x0000016dfbe943dc [0x0000016dfbe93f40+0x000000000000049c]
J 2627 c1 sun.reflect.annotation.AnnotationParser$1.run()Ljava/lang/annotation/Annotation; java.base@17.0.2 (40 bytes) @ 0x0000016dfbe91b24 [0x0000016dfbe917a0+0x0000000000000384]
J 2475 c1 sun.reflect.annotation.AnnotationParser.parseAnnotation2(Ljava/nio/ByteBuffer;Ljdk/internal/reflect/ConstantPool;Ljava/lang/Class;Z[Ljava/lang/Class;)Ljava/lang/annotation/Annotation; java.base@17.0.2 (271 bytes) @ 0x0000016dfbf24584 [0x0000016dfbf23fa0+0x00000000000005e4]
j  sun.reflect.annotation.AnnotationParser.parseAnnotation(Ljava/nio/ByteBuffer;Ljdk/internal/reflect/ConstantPool;Ljava/lang/Class;Z)Ljava/lang/annotation/Annotation;+5 java.base@17.0.2
j  sun.reflect.annotation.AnnotationParser.parseParameterAnnotations2([BLjdk/internal/reflect/ConstantPool;Ljava/lang/Class;)[[Ljava/lang/annotation/Annotation;+66 java.base@17.0.2
j  sun.reflect.annotation.AnnotationParser.parseParameterAnnotations([BLjdk/internal/reflect/ConstantPool;Ljava/lang/Class;)[[Ljava/lang/annotation/Annotation;+3 java.base@17.0.2
j  java.lang.reflect.Executable.parseParameterAnnotations([B)[[Ljava/lang/annotation/Annotation;+17 java.base@17.0.2
j  java.lang.reflect.Executable.sharedGetParameterAnnotations([Ljava/lang/Class;[B)[[Ljava/lang/annotation/Annotation;+16 java.base@17.0.2
j  java.lang.reflect.Method.getParameterAnnotations()[[Ljava/lang/annotation/Annotation;+9 java.base@17.0.2
j  net.bytebuddy.description.method.MethodDescription$ForLoadedMethod.getParameterAnnotations()[[Ljava/lang/annotation/Annotation;+26
j  net.bytebuddy.description.method.ParameterDescription$ForLoadedParameter$OfMethod.getDeclaredAnnotations()Lnet/bytebuddy/description/annotation/AnnotationList;+8
j  net.bytebuddy.implementation.bind.annotation.RuntimeType$Verifier.check(Lnet/bytebuddy/description/annotation/AnnotationSource;)Lnet/bytebuddy/implementation/bytecode/assign/Assigner$Typing;+1
j  net.bytebuddy.implementation.bind.annotation.TargetMethodAnnotationDrivenBinder$DelegationProcessor.prepare(Lnet/bytebuddy/description/method/ParameterDescription;)Lnet/bytebuddy/implementation/bind/annotation/TargetMethodAnnotationDrivenBinder$DelegationProcessor$Handler;+1
j  net.bytebuddy.implementation.bind.annotation.TargetMethodAnnotationDrivenBinder.compile(Lnet/bytebuddy/description/method/MethodDescription;)Lnet/bytebuddy/implementation/bind/MethodDelegationBinder$Record;+69
j  net.bytebuddy.implementation.MethodDelegation$ImplementationDelegate$ForStaticMethod.of(Lnet/bytebuddy/description/method/MethodList;Lnet/bytebuddy/implementation/bind/MethodDelegationBinder;)Lnet/bytebuddy/implementation/MethodDelegation$ImplementationDelegate;+45
j  net.bytebuddy.implementation.MethodDelegation$WithCustomProperties.to(Lnet/bytebuddy/description/type/TypeDescription;)Lnet/bytebuddy/implementation/MethodDelegation;+109
j  net.bytebuddy.implementation.MethodDelegation$WithCustomProperties.to(Ljava/lang/Class;)Lnet/bytebuddy/implementation/MethodDelegation;+5
j  net.bytebuddy.implementation.MethodDelegation.to(Ljava/lang/Class;)Lnet/bytebuddy/implementation/MethodDelegation;+4
j  org.hibernate.bytecode.internal.bytebuddy.ByteBuddyState$ProxyDefinitionHelpers$1.run()Lnet/bytebuddy/implementation/MethodDelegation;+2
j  org.hibernate.bytecode.internal.bytebuddy.ByteBuddyState$ProxyDefinitionHelpers$1.run()Ljava/lang/Object;+1
j  org.hibernate.bytecode.internal.bytebuddy.ByteBuddyState$ProxyDefinitionHelpers.<init>()V+235
j  org.hibernate.bytecode.internal.bytebuddy.ByteBuddyState.<clinit>()V+18
v  ~StubRoutines::call_stub
j  org.hibernate.bytecode.internal.bytebuddy.BytecodeProviderImpl.<init>(Lnet/bytebuddy/ClassFileVersion;)V+5
j  org.hibernate.bytecode.internal.bytebuddy.BytecodeProviderImpl.<init>()V+7
v  ~StubRoutines::call_stub
J 1466  jdk.internal.reflect.NativeConstructorAccessorImpl.newInstance0(Ljava/lang/reflect/Constructor;[Ljava/lang/Object;)Ljava/lang/Object; java.base@17.0.2 (0 bytes) @ 0x0000016dfbc7a18e [0x0000016dfbc7a120+0x000000000000006e]
J 1465 c1 jdk.internal.reflect.NativeConstructorAccessorImpl.newInstance([Ljava/lang/Object;)Ljava/lang/Object; java.base@17.0.2 (122 bytes) @ 0x0000016dfbc7c73c [0x0000016dfbc7c480+0x00000000000002bc]
J 1355 c1 jdk.internal.reflect.DelegatingConstructorAccessorImpl.newInstance([Ljava/lang/Object;)Ljava/lang/Object; java.base@17.0.2 (9 bytes) @ 0x0000016dfbc55c64 [0x0000016dfbc55c20+0x0000000000000044]
J 1353 c1 java.lang.reflect.Constructor.newInstanceWithCaller([Ljava/lang/Object;ZLjava/lang/Class;)Ljava/lang/Object; java.base@17.0.2 (75 bytes) @ 0x0000016dfbc552ac [0x0000016dfbc551e0+0x00000000000000cc]
J 1399 c1 java.lang.reflect.Constructor.newInstance([Ljava/lang/Object;)Ljava/lang/Object; java.base@17.0.2 (34 bytes) @ 0x0000016dfbc633cc [0x0000016dfbc63340+0x000000000000008c]
j  java.util.ServiceLoader$ProviderImpl.newInstance()Ljava/lang/Object;+19 java.base@17.0.2
j  java.util.ServiceLoader$ProviderImpl.get()Ljava/lang/Object;+13 java.base@17.0.2
j  java.util.ServiceLoader$3.next()Ljava/lang/Object;+58 java.base@17.0.2
j  org.hibernate.bytecode.internal.BytecodeProviderInitiator.getBytecodeProvider(Ljava/lang/Iterable;)Lorg/hibernate/bytecode/spi/BytecodeProvider;+25
j  org.hibernate.bytecode.internal.BytecodeProviderInitiator.buildDefaultBytecodeProvider()Lorg/hibernate/bytecode/spi/BytecodeProvider;+10
j  org.hibernate.jpa.internal.enhance.EnhancingClassTransformerImpl.<init>(Lorg/hibernate/bytecode/enhance/spi/EnhancementContext;)V+26
j  org.hibernate.jpa.boot.internal.PersistenceUnitInfoDescriptor.pushClassTransformer(Lorg/hibernate/bytecode/enhance/spi/EnhancementContext;)V+46
j  org.springframework.orm.jpa.vendor.SpringHibernateJpaPersistenceProvider$1.pushClassTransformer(Lorg/hibernate/bytecode/enhance/spi/EnhancementContext;)V+8
j  org.hibernate.jpa.boot.internal.EntityManagerFactoryBuilderImpl.<init>(Lorg/hibernate/jpa/boot/spi/PersistenceUnitDescriptor;Ljava/util/Map;Ljava/lang/ClassLoader;Lorg/hibernate/boot/registry/classloading/spi/ClassLoaderService;Ljava/util/function/Consumer;)V+533
j  org.hibernate.jpa.boot.internal.EntityManagerFactoryBuilderImpl.<init>(Lorg/hibernate/jpa/boot/spi/PersistenceUnitDescriptor;Ljava/util/Map;)V+6
j  org.springframework.orm.jpa.vendor.SpringHibernateJpaPersistenceProvider.createContainerEntityManagerFactory(Ljakarta/persistence/spi/PersistenceUnitInfo;Ljava/util/Map;)Ljakarta/persistence/EntityManagerFactory;+56
j  org.springframework.orm.jpa.LocalContainerEntityManagerFactoryBean.createNativeEntityManagerFactory()Ljakarta/persistence/EntityManagerFactory;+111
j  org.springframework.orm.jpa.AbstractEntityManagerFactoryBean.buildNativeEntityManagerFactory()Ljakarta/persistence/EntityManagerFactory;+1
j  org.springframework.orm.jpa.AbstractEntityManagerFactoryBean.afterPropertiesSet()V+192
j  org.springframework.orm.jpa.LocalContainerEntityManagerFactoryBean.afterPropertiesSet()V+84
j  org.springframework.beans.factory.support.AbstractAutowireCapableBeanFactory.invokeInitMethods(Ljava/lang/String;Ljava/lang/Object;Lorg/springframework/beans/factory/support/RootBeanDefinition;)V+56
j  org.springframework.beans.factory.support.AbstractAutowireCapableBeanFactory.initializeBean(Ljava/lang/String;Ljava/lang/Object;Lorg/springframework/beans/factory/support/RootBeanDefinition;)Ljava/lang/Object;+34
j  org.springframework.beans.factory.support.AbstractAutowireCapableBeanFactory.doCreateBean(Ljava/lang/String;Lorg/springframework/beans/factory/support/RootBeanDefinition;[Ljava/lang/Object;)Ljava/lang/Object;+228
j  org.springframework.beans.factory.support.AbstractAutowireCapableBeanFactory.createBean(Ljava/lang/String;Lorg/springframework/beans/factory/support/RootBeanDefinition;[Ljava/lang/Object;)Ljava/lang/Object;+153
j  org.springframework.beans.factory.support.AbstractBeanFactory.lambda$doGetBean$0(Ljava/lang/String;Lorg/springframework/beans/factory/support/RootBeanDefinition;[Ljava/lang/Object;)Ljava/lang/Object;+4
j  org.springframework.beans.factory.support.AbstractBeanFactory$$Lambda$374+0x0000000800e25ff8.getObject()Ljava/lang/Object;+16
j  org.springframework.beans.factory.support.DefaultSingletonBeanRegistry.getSingleton(Ljava/lang/String;Lorg/springframework/beans/factory/ObjectFactory;)Ljava/lang/Object;+114
J 2835 c1 org.springframework.beans.factory.support.AbstractBeanFactory.doGetBean(Ljava/lang/String;Ljava/lang/Class;[Ljava/lang/Object;Z)Ljava/lang/Object; (740 bytes) @ 0x0000016dfbe2dcc4 [0x0000016dfbe2d700+0x00000000000005c4]
j  org.springframework.beans.factory.support.AbstractBeanFactory.getBean(Ljava/lang/String;)Ljava/lang/Object;+5
j  org.springframework.context.support.AbstractApplicationContext.getBean(Ljava/lang/String;)Ljava/lang/Object;+9
j  org.springframework.context.support.AbstractApplicationContext.finishBeanFactoryInitialization(Lorg/springframework/beans/factory/config/ConfigurableListableBeanFactory;)V+106
j  org.springframework.context.support.AbstractApplicationContext.refresh()V+94
j  org.springframework.boot.web.servlet.context.ServletWebServerApplicationContext.refresh()V+1
j  org.springframework.boot.SpringApplication.refresh(Lorg/springframework/context/ConfigurableApplicationContext;)V+1
j  org.springframework.boot.SpringApplication.refreshContext(Lorg/springframework/context/ConfigurableApplicationContext;)V+16
j  org.springframework.boot.SpringApplication.run([Ljava/lang/String;)Lorg/springframework/context/ConfigurableApplicationContext;+110
j  org.springframework.boot.SpringApplication.run([Ljava/lang/Class;[Ljava/lang/String;)Lorg/springframework/context/ConfigurableApplicationContext;+9
j  org.springframework.boot.SpringApplication.run(Ljava/lang/Class;[Ljava/lang/String;)Lorg/springframework/context/ConfigurableApplicationContext;+9
j  demo.sad.invoiceservice.InvoiceserviceApplication.main([Ljava/lang/String;)V+3
v  ~StubRoutines::call_stub

---------------  P R O C E S S  ---------------

Threads class SMR info:
_java_thread_list=0x0000016d860aeb00, length=22, elements={
0x0000016df411e780, 0x0000016df41ce350, 0x0000016df41d06b0, 0x0000016d831e24b0,
0x0000016df41dd950, 0x0000016d831e5370, 0x0000016d831e5d20, 0x0000016d831e86e0,
0x0000016d831e9870, 0x0000016d831dcb40, 0x0000016d84030d80, 0x0000016d84031250,
0x0000016d84192f40, 0x0000016d84185090, 0x0000016d846607b0, 0x0000016d844a23a0,
0x0000016d8469f9a0, 0x0000016d8469eb30, 0x0000016d846a0810, 0x0000016d846a0ce0,
0x0000016d846a0340, 0x0000016d846a11b0
}

Java Threads: ( => current thread )
=>0x0000016df411e780 JavaThread "main" [_thread_in_vm, id=13020, stack(0x0000000463300000,0x0000000463400000)]
  0x0000016df41ce350 JavaThread "Reference Handler" daemon [_thread_blocked, id=8560, stack(0x0000000463a00000,0x0000000463b00000)]
  0x0000016df41d06b0 JavaThread "Finalizer" daemon [_thread_blocked, id=17972, stack(0x0000000463b00000,0x0000000463c00000)]
  0x0000016d831e24b0 JavaThread "Signal Dispatcher" daemon [_thread_blocked, id=3528, stack(0x0000000463c00000,0x0000000463d00000)]
  0x0000016df41dd950 JavaThread "Attach Listener" daemon [_thread_blocked, id=10056, stack(0x0000000463d00000,0x0000000463e00000)]
  0x0000016d831e5370 JavaThread "Service Thread" daemon [_thread_blocked, id=11076, stack(0x0000000463e00000,0x0000000463f00000)]
  0x0000016d831e5d20 JavaThread "Monitor Deflation Thread" daemon [_thread_blocked, id=6156, stack(0x0000000463f00000,0x0000000464000000)]
  0x0000016d831e86e0 JavaThread "C1 CompilerThread0" daemon [_thread_blocked, id=19124, stack(0x0000000464000000,0x0000000464100000)]
  0x0000016d831e9870 JavaThread "Sweeper thread" daemon [_thread_blocked, id=12956, stack(0x0000000464100000,0x0000000464200000)]
  0x0000016d831dcb40 JavaThread "Common-Cleaner" daemon [_thread_blocked, id=2272, stack(0x0000000464200000,0x0000000464300000)]
  0x0000016d84030d80 JavaThread "Monitor Ctrl-Break" daemon [_thread_in_native, id=18552, stack(0x0000000464300000,0x0000000464400000)]
  0x0000016d84031250 JavaThread "Notification Thread" daemon [_thread_blocked, id=9460, stack(0x0000000464400000,0x0000000464500000)]
  0x0000016d84192f40 JavaThread "RMI TCP Accept-0" daemon [_thread_in_native, id=17020, stack(0x0000000464500000,0x0000000464600000)]
  0x0000016d84185090 JavaThread "RMI TCP Connection(2)-192.168.32.105" daemon [_thread_in_native, id=19404, stack(0x0000000464b00000,0x0000000464c00000)]
  0x0000016d846607b0 JavaThread "RMI Scheduler(0)" daemon [_thread_blocked, id=7204, stack(0x0000000464c00000,0x0000000464d00000)]
  0x0000016d844a23a0 JavaThread "C1 CompilerThread1" daemon [_thread_blocked, id=8000, stack(0x0000000464e00000,0x0000000464f00000)]
  0x0000016d8469f9a0 JavaThread "RMI TCP Connection(4)-192.168.32.105" daemon [_thread_in_native, id=12972, stack(0x0000000464f00000,0x0000000465000000)]
  0x0000016d8469eb30 JavaThread "RMI TCP Connection(5)-192.168.32.105" daemon [_thread_in_native, id=18792, stack(0x0000000464d00000,0x0000000464e00000)]
  0x0000016d846a0810 JavaThread "Catalina-utility-1" [_thread_blocked, id=5648, stack(0x0000000465000000,0x0000000465100000)]
  0x0000016d846a0ce0 JavaThread "Catalina-utility-2" [_thread_blocked, id=14932, stack(0x0000000465100000,0x0000000465200000)]
  0x0000016d846a0340 JavaThread "container-0" [_thread_blocked, id=16744, stack(0x0000000465200000,0x0000000465300000)]
  0x0000016d846a11b0 JavaThread "mysql-cj-abandoned-connection-cleanup" daemon [_thread_blocked, id=10064, stack(0x0000000465300000,0x0000000465400000)]

Other Threads:
  0x0000016df41c7fa0 VMThread "VM Thread" [stack: 0x0000000463900000,0x0000000463a00000] [id=2932]
  0x0000016d84219de0 WatcherThread [stack: 0x0000000464600000,0x0000000464700000] [id=12852]
  0x0000016df414c330 GCTaskThread "GC Thread#0" [stack: 0x0000000463400000,0x0000000463500000] [id=15460]
  0x0000016d84257540 GCTaskThread "GC Thread#1" [stack: 0x0000000464700000,0x0000000464800000] [id=17080]
  0x0000016d842994f0 GCTaskThread "GC Thread#2" [stack: 0x0000000464800000,0x0000000464900000] [id=16692]
  0x0000016d842b5740 GCTaskThread "GC Thread#3" [stack: 0x0000000464900000,0x0000000464a00000] [id=15604]
  0x0000016df4154fb0 ConcurrentGCThread "G1 Main Marker" [stack: 0x0000000463500000,0x0000000463600000] [id=6044]
  0x0000016df41559c0 ConcurrentGCThread "G1 Conc#0" [stack: 0x0000000463600000,0x0000000463700000] [id=11464]
  0x0000016df41a4d30 ConcurrentGCThread "G1 Refine#0" [stack: 0x0000000463700000,0x0000000463800000] [id=16124]
  0x0000016d842954f0 ConcurrentGCThread "G1 Refine#1" [stack: 0x0000000464a00000,0x0000000464b00000] [id=17520]
  0x0000016df41a6760 ConcurrentGCThread "G1 Service" [stack: 0x0000000463800000,0x0000000463900000] [id=10204]

Threads with active compile tasks:

VM state: not at safepoint (normal execution)

VM Mutex/Monitor currently owned by a thread:  ([mutex/lock_event])
[0x0000016df4119cb0] Metaspace_lock - owner thread: 0x0000016df411e780

Heap address: 0x00000000c1600000, size: 1002 MB, Compressed Oops mode: 32-bit

CDS archive(s) mapped at: [0x0000000800000000-0x0000000800bc0000-0x0000000800bc0000), size 12320768, SharedBaseAddress: 0x0000000800000000, ArchiveRelocationMode: 0.
Compressed class space mapped at: 0x0000000800c00000-0x0000000840c00000, reserved size: 1073741824
Narrow klass base: 0x0000000800000000, Narrow klass shift: 0, Narrow klass range: 0x100000000

GC Precious Log:
 CPUs: 4 total, 4 available
 Memory: 4007M
 Large Page Support: Disabled
 NUMA Support: Disabled
 Compressed Oops: Enabled (32-bit)
 Heap Region Size: 1M
 Heap Min Capacity: 8M
 Heap Initial Capacity: 64M
 Heap Max Capacity: 1002M
 Pre-touch: Disabled
 Parallel Workers: 4
 Concurrent Workers: 1
 Concurrent Refinement Workers: 4
 Periodic GC: Disabled

Heap:
 garbage-first heap   total 61440K, used 24562K [0x00000000c1600000, 0x0000000100000000)
  region size 1024K, 5 young (5120K), 2 survivors (2048K)
 Metaspace       used 34928K, committed 35392K, reserved 1081344K
  class space    used 4917K, committed 5184K, reserved 1048576K

Heap Regions: E=young(eden), S=young(survivor), O=old, HS=humongous(starts), HC=humongous(continues), CS=collection set, F=free, OA=open archive, CA=closed archive, TAMS=top-at-mark-start (previous, next)
|   0|0x00000000c1600000, 0x00000000c1700000, 0x00000000c1700000|100%|HS|  |TAMS 0x00000000c1700000, 0x00000000c1600000| Complete 
|   1|0x00000000c1700000, 0x00000000c1800000, 0x00000000c1800000|100%|HS|  |TAMS 0x00000000c1800000, 0x00000000c1700000| Complete 
|   2|0x00000000c1800000, 0x00000000c1900000, 0x00000000c1900000|100%| O|  |TAMS 0x00000000c1900000, 0x00000000c1800000| Untracked 
|   3|0x00000000c1900000, 0x00000000c1a00000, 0x00000000c1a00000|100%| O|  |TAMS 0x00000000c1a00000, 0x00000000c1900000| Untracked 
|   4|0x00000000c1a00000, 0x00000000c1b00000, 0x00000000c1b00000|100%| O|  |TAMS 0x00000000c1b00000, 0x00000000c1a00000| Untracked 
|   5|0x00000000c1b00000, 0x00000000c1c00000, 0x00000000c1c00000|100%| O|  |TAMS 0x00000000c1c00000, 0x00000000c1b00000| Untracked 
|   6|0x00000000c1c00000, 0x00000000c1d00000, 0x00000000c1d00000|100%| O|  |TAMS 0x00000000c1d00000, 0x00000000c1c00000| Untracked 
|   7|0x00000000c1d00000, 0x00000000c1e00000, 0x00000000c1e00000|100%| O|  |TAMS 0x00000000c1e00000, 0x00000000c1d00000| Untracked 
|   8|0x00000000c1e00000, 0x00000000c1f00000, 0x00000000c1f00000|100%| O|  |TAMS 0x00000000c1f00000, 0x00000000c1e00000| Untracked 
|   9|0x00000000c1f00000, 0x00000000c2000000, 0x00000000c2000000|100%| O|  |TAMS 0x00000000c2000000, 0x00000000c1f00000| Untracked 
|  10|0x00000000c2000000, 0x00000000c2100000, 0x00000000c2100000|100%| O|  |TAMS 0x00000000c207f000, 0x00000000c2000000| Untracked 
|  11|0x00000000c2100000, 0x00000000c2200000, 0x00000000c2200000|100%| O|  |TAMS 0x00000000c2100000, 0x00000000c2100000| Untracked 
|  12|0x00000000c2200000, 0x00000000c2300000, 0x00000000c2300000|100%| O|  |TAMS 0x00000000c2200000, 0x00000000c2200000| Untracked 
|  13|0x00000000c2300000, 0x00000000c2400000, 0x00000000c2400000|100%| O|  |TAMS 0x00000000c2300000, 0x00000000c2300000| Untracked 
|  14|0x00000000c2400000, 0x00000000c2500000, 0x00000000c2500000|100%| O|  |TAMS 0x00000000c2400000, 0x00000000c2400000| Untracked 
|  15|0x00000000c2500000, 0x00000000c2542200, 0x00000000c2600000| 25%| O|  |TAMS 0x00000000c2500000, 0x00000000c2500000| Untracked 
|  16|0x00000000c2600000, 0x00000000c2700000, 0x00000000c2700000|100%| O|  |TAMS 0x00000000c2600000, 0x00000000c2600000| Untracked 
|  17|0x00000000c2700000, 0x00000000c2800000, 0x00000000c2800000|100%| O|  |TAMS 0x00000000c2700000, 0x00000000c2700000| Untracked 
|  18|0x00000000c2800000, 0x00000000c2900000, 0x00000000c2900000|100%| O|  |TAMS 0x00000000c2800000, 0x00000000c2800000| Untracked 
|  19|0x00000000c2900000, 0x00000000c2a00000, 0x00000000c2a00000|100%| O|  |TAMS 0x00000000c2900000, 0x00000000c2900000| Untracked 
|  20|0x00000000c2a00000, 0x00000000c2b00000, 0x00000000c2b00000|100%| O|  |TAMS 0x00000000c2a00000, 0x00000000c2a00000| Untracked 
|  21|0x00000000c2b00000, 0x00000000c2b38600, 0x00000000c2c00000| 22%| O|  |TAMS 0x00000000c2b00000, 0x00000000c2b00000| Untracked 
|  22|0x00000000c2c00000, 0x00000000c2c00000, 0x00000000c2d00000|  0%| F|  |TAMS 0x00000000c2c00000, 0x00000000c2c00000| Untracked 
|  23|0x00000000c2d00000, 0x00000000c2d00000, 0x00000000c2e00000|  0%| F|  |TAMS 0x00000000c2d00000, 0x00000000c2d00000| Untracked 
|  24|0x00000000c2e00000, 0x00000000c2e00000, 0x00000000c2f00000|  0%| F|  |TAMS 0x00000000c2e00000, 0x00000000c2e00000| Untracked 
|  25|0x00000000c2f00000, 0x00000000c2f00000, 0x00000000c3000000|  0%| F|  |TAMS 0x00000000c2f00000, 0x00000000c2f00000| Untracked 
|  26|0x00000000c3000000, 0x00000000c3000000, 0x00000000c3100000|  0%| F|  |TAMS 0x00000000c3000000, 0x00000000c3000000| Untracked 
|  27|0x00000000c3100000, 0x00000000c3100000, 0x00000000c3200000|  0%| F|  |TAMS 0x00000000c3100000, 0x00000000c3100000| Untracked 
|  28|0x00000000c3200000, 0x00000000c3200000, 0x00000000c3300000|  0%| F|  |TAMS 0x00000000c3200000, 0x00000000c3200000| Untracked 
|  29|0x00000000c3300000, 0x00000000c3300000, 0x00000000c3400000|  0%| F|  |TAMS 0x00000000c3300000, 0x00000000c3300000| Untracked 
|  30|0x00000000c3400000, 0x00000000c3400000, 0x00000000c3500000|  0%| F|  |TAMS 0x00000000c3400000, 0x00000000c3400000| Untracked 
|  31|0x00000000c3500000, 0x00000000c3500000, 0x00000000c3600000|  0%| F|  |TAMS 0x00000000c3500000, 0x00000000c3500000| Untracked 
|  32|0x00000000c3600000, 0x00000000c3600000, 0x00000000c3700000|  0%| F|  |TAMS 0x00000000c3600000, 0x00000000c3600000| Untracked 
|  33|0x00000000c3700000, 0x00000000c3700000, 0x00000000c3800000|  0%| F|  |TAMS 0x00000000c3700000, 0x00000000c3700000| Untracked 
|  34|0x00000000c3800000, 0x00000000c38821c8, 0x00000000c3900000| 50%| S|CS|TAMS 0x00000000c3800000, 0x00000000c3800000| Complete 
|  35|0x00000000c3900000, 0x00000000c3a00000, 0x00000000c3a00000|100%| S|CS|TAMS 0x00000000c3900000, 0x00000000c3900000| Complete 
|  36|0x00000000c3a00000, 0x00000000c3a00000, 0x00000000c3b00000|  0%| F|  |TAMS 0x00000000c3a00000, 0x00000000c3a00000| Untracked 
|  37|0x00000000c3b00000, 0x00000000c3b00000, 0x00000000c3c00000|  0%| F|  |TAMS 0x00000000c3b00000, 0x00000000c3b00000| Untracked 
|  38|0x00000000c3c00000, 0x00000000c3c00000, 0x00000000c3d00000|  0%| F|  |TAMS 0x00000000c3c00000, 0x00000000c3c00000| Untracked 
|  39|0x00000000c3d00000, 0x00000000c3d00000, 0x00000000c3e00000|  0%| F|  |TAMS 0x00000000c3d00000, 0x00000000c3d00000| Untracked 
|  40|0x00000000c3e00000, 0x00000000c3e00000, 0x00000000c3f00000|  0%| F|  |TAMS 0x00000000c3e00000, 0x00000000c3e00000| Untracked 
|  41|0x00000000c3f00000, 0x00000000c3f00000, 0x00000000c4000000|  0%| F|  |TAMS 0x00000000c3f00000, 0x00000000c3f00000| Untracked 
|  42|0x00000000c4000000, 0x00000000c4000000, 0x00000000c4100000|  0%| F|  |TAMS 0x00000000c4000000, 0x00000000c4000000| Untracked 
|  43|0x00000000c4100000, 0x00000000c4100000, 0x00000000c4200000|  0%| F|  |TAMS 0x00000000c4100000, 0x00000000c4100000| Untracked 
|  44|0x00000000c4200000, 0x00000000c4200000, 0x00000000c4300000|  0%| F|  |TAMS 0x00000000c4200000, 0x00000000c4200000| Untracked 
|  45|0x00000000c4300000, 0x00000000c4300000, 0x00000000c4400000|  0%| F|  |TAMS 0x00000000c4300000, 0x00000000c4300000| Untracked 
|  46|0x00000000c4400000, 0x00000000c4400000, 0x00000000c4500000|  0%| F|  |TAMS 0x00000000c4400000, 0x00000000c4400000| Untracked 
|  47|0x00000000c4500000, 0x00000000c4500000, 0x00000000c4600000|  0%| F|  |TAMS 0x00000000c4500000, 0x00000000c4500000| Untracked 
|  48|0x00000000c4600000, 0x00000000c4600000, 0x00000000c4700000|  0%| F|  |TAMS 0x00000000c4600000, 0x00000000c4600000| Untracked 
|  49|0x00000000c4700000, 0x00000000c4700000, 0x00000000c4800000|  0%| F|  |TAMS 0x00000000c4700000, 0x00000000c4700000| Untracked 
|  50|0x00000000c4800000, 0x00000000c4800000, 0x00000000c4900000|  0%| F|  |TAMS 0x00000000c4800000, 0x00000000c4800000| Untracked 
|  51|0x00000000c4900000, 0x00000000c4900000, 0x00000000c4a00000|  0%| F|  |TAMS 0x00000000c4900000, 0x00000000c4900000| Untracked 
|  52|0x00000000c4a00000, 0x00000000c4a00000, 0x00000000c4b00000|  0%| F|  |TAMS 0x00000000c4a00000, 0x00000000c4a00000| Untracked 
|  53|0x00000000c4b00000, 0x00000000c4b00000, 0x00000000c4c00000|  0%| F|  |TAMS 0x00000000c4b00000, 0x00000000c4b00000| Untracked 
|  54|0x00000000c4c00000, 0x00000000c4c00000, 0x00000000c4d00000|  0%| F|  |TAMS 0x00000000c4c00000, 0x00000000c4c00000| Untracked 
|  55|0x00000000c4d00000, 0x00000000c4d00000, 0x00000000c4e00000|  0%| F|  |TAMS 0x00000000c4d00000, 0x00000000c4d00000| Untracked 
|  56|0x00000000c4e00000, 0x00000000c4e00000, 0x00000000c4f00000|  0%| F|  |TAMS 0x00000000c4e00000, 0x00000000c4e00000| Untracked 
|  57|0x00000000c4f00000, 0x00000000c5000000, 0x00000000c5000000|100%| E|  |TAMS 0x00000000c4f00000, 0x00000000c4f00000| Complete 
|  58|0x00000000c5000000, 0x00000000c5100000, 0x00000000c5100000|100%| E|CS|TAMS 0x00000000c5000000, 0x00000000c5000000| Complete 
|  63|0x00000000c5500000, 0x00000000c5600000, 0x00000000c5600000|100%| E|CS|TAMS 0x00000000c5500000, 0x00000000c5500000| Complete 

Card table byte_map: [0x0000016dfe950000,0x0000016dfeb50000] _byte_map_base: 0x0000016dfe345000

Marking Bits (Prev, Next): (CMBitMap*) 0x0000016df414c980, (CMBitMap*) 0x0000016df414c940
 Prev Bits: [0x0000016d80000000, 0x0000016d80fa8000)
 Next Bits: [0x0000016dfed50000, 0x0000016dffcf8000)

Polling page: 0x0000016df2090000

Metaspace:

Usage:
  Non-class:     29.31 MB used.
      Class:      4.80 MB used.
       Both:     34.11 MB used.

Virtual space:
  Non-class space:       32.00 MB reserved,      29.50 MB ( 92%) committed,  4 nodes.
      Class space:        1.00 GB reserved,       5.06 MB ( <1%) committed,  1 nodes.
             Both:        1.03 GB reserved,      34.56 MB (  3%) committed. 

Chunk freelists:
   Non-Class:  2.11 MB
       Class:  2.85 MB
        Both:  4.96 MB

MaxMetaspaceSize: unlimited
CompressedClassSpaceSize: 1.00 GB
Initial GC threshold: 21.00 MB
Current GC threshold: 35.12 MB
CDS: on
MetaspaceReclaimPolicy: balanced
 - commit_granule_bytes: 65536.
 - commit_granule_words: 8192.
 - virtual_space_node_default_size: 1048576.
 - enlarge_chunks_in_place: 1.
 - new_chunks_are_fully_committed: 0.
 - uncommit_free_chunks: 1.
 - use_allocation_guard: 0.
 - handle_deallocations: 1.


Internal statistics:

num_allocs_failed_limit: 3.
num_arena_births: 646.
num_arena_deaths: 0.
num_vsnodes_births: 5.
num_vsnodes_deaths: 0.
num_space_committed: 553.
num_space_uncommitted: 0.
num_chunks_returned_to_freelist: 3.
num_chunks_taken_from_freelist: 1934.
num_chunk_merges: 3.
num_chunk_splits: 1344.
num_chunks_enlarged: 965.
num_purges: 0.
num_inconsistent_stats: 0.

CodeCache: size=49152Kb used=8334Kb max_used=8334Kb free=40817Kb
 bounds [0x0000016dfb950000, 0x0000016dfc180000, 0x0000016dfe950000]
 total_blobs=4728 nmethods=4204 adapters=450
 compilation: enabled
              stopped_count=0, restarted_count=0
 full_count=0

Compilation events (20 events):
Event: 26.282 Thread 0x0000016d831e86e0 4194       1       net.bytebuddy.matcher.ElementMatcher$Junction$AbstractBase::<init> (5 bytes)
Event: 26.282 Thread 0x0000016d831e86e0 nmethod 4194 0x0000016dfc170390 code [0x0000016dfc170520, 0x0000016dfc1705d8]
Event: 26.284 Thread 0x0000016d831e86e0 4195       1       java.util.AbstractList$Itr::hasNext (20 bytes)
Event: 26.285 Thread 0x0000016d831e86e0 nmethod 4195 0x0000016dfc170690 code [0x0000016dfc170820, 0x0000016dfc170928]
Event: 26.305 Thread 0x0000016d831e86e0 4196   !   1       java.util.AbstractList$Itr::next (46 bytes)
Event: 26.306 Thread 0x0000016d844a23a0 4197       1       java.util.AbstractList$Itr::checkForComodification (23 bytes)
Event: 26.306 Thread 0x0000016d844a23a0 nmethod 4197 0x0000016dfc170990 code [0x0000016dfc170b20, 0x0000016dfc170ca8]
Event: 26.306 Thread 0x0000016d831e86e0 nmethod 4196 0x0000016dfc170d90 code [0x0000016dfc170f60, 0x0000016dfc171298]
Event: 26.308 Thread 0x0000016d831e86e0 4198       1       java.util.Arrays$ArrayList::get (7 bytes)
Event: 26.308 Thread 0x0000016d831e86e0 nmethod 4198 0x0000016dfc171490 code [0x0000016dfc171620, 0x0000016dfc171718]
Event: 26.329 Thread 0x0000016d831e86e0 4199       1       java.lang.Class::getConstructor (31 bytes)
Event: 26.330 Thread 0x0000016d831e86e0 nmethod 4199 0x0000016dfc171810 code [0x0000016dfc171a00, 0x0000016dfc171d38]
Event: 26.331 Thread 0x0000016d831e86e0 4200       1       java.lang.reflect.ProxyGenerator::addProxyMethod (33 bytes)
Event: 26.331 Thread 0x0000016d844a23a0 4201       1       java.lang.reflect.ProxyGenerator$$Lambda$28/0x0000000800c78888::apply (8 bytes)
Event: 26.331 Thread 0x0000016d844a23a0 nmethod 4201 0x0000016dfc171f90 code [0x0000016dfc172120, 0x0000016dfc1722a8]
Event: 26.331 Thread 0x0000016d831e86e0 nmethod 4200 0x0000016dfc172390 code [0x0000016dfc172540, 0x0000016dfc1726d8]
Event: 26.331 Thread 0x0000016d844a23a0 4202       1       java.lang.reflect.ProxyGenerator::lambda$addProxyMethod$1 (9 bytes)
Event: 26.331 Thread 0x0000016d844a23a0 nmethod 4202 0x0000016dfc172810 code [0x0000016dfc1729a0, 0x0000016dfc172ac8]
Event: 26.343 Thread 0x0000016d844a23a0 4203   !   1       jdk.internal.reflect.NativeMethodAccessorImpl::invoke (137 bytes)
Event: 26.344 Thread 0x0000016d844a23a0 nmethod 4203 0x0000016dfc173090 code [0x0000016dfc173280, 0x0000016dfc173728]

GC Heap History (18 events):
Event: 3.581 GC heap before
{Heap before GC invocations=0 (full 0):
 garbage-first heap   total 65536K, used 15360K [0x00000000c1600000, 0x0000000100000000)
  region size 1024K, 13 young (13312K), 0 survivors (0K)
 Metaspace       used 4845K, committed 4992K, reserved 1056768K
  class space    used 570K, committed 640K, reserved 1048576K
}
Event: 3.595 GC heap after
{Heap after GC invocations=1 (full 0):
 garbage-first heap   total 65536K, used 7996K [0x00000000c1600000, 0x0000000100000000)
  region size 1024K, 2 young (2048K), 2 survivors (2048K)
 Metaspace       used 4845K, committed 4992K, reserved 1056768K
  class space    used 570K, committed 640K, reserved 1048576K
}
Event: 4.978 GC heap before
{Heap before GC invocations=1 (full 0):
 garbage-first heap   total 65536K, used 16188K [0x00000000c1600000, 0x0000000100000000)
  region size 1024K, 10 young (10240K), 2 survivors (2048K)
 Metaspace       used 7014K, committed 7232K, reserved 1056768K
  class space    used 881K, committed 960K, reserved 1048576K
}
Event: 4.984 GC heap after
{Heap after GC invocations=2 (full 0):
 garbage-first heap   total 65536K, used 9020K [0x00000000c1600000, 0x0000000100000000)
  region size 1024K, 1 young (1024K), 1 survivors (1024K)
 Metaspace       used 7014K, committed 7232K, reserved 1056768K
  class space    used 881K, committed 960K, reserved 1048576K
}
Event: 9.527 GC heap before
{Heap before GC invocations=2 (full 0):
 garbage-first heap   total 65536K, used 29500K [0x00000000c1600000, 0x0000000100000000)
  region size 1024K, 21 young (21504K), 1 survivors (1024K)
 Metaspace       used 11368K, committed 11648K, reserved 1064960K
  class space    used 1573K, committed 1728K, reserved 1048576K
}
Event: 9.539 GC heap after
{Heap after GC invocations=3 (full 0):
 garbage-first heap   total 65536K, used 10767K [0x00000000c1600000, 0x0000000100000000)
  region size 1024K, 3 young (3072K), 3 survivors (3072K)
 Metaspace       used 11368K, committed 11648K, reserved 1064960K
  class space    used 1573K, committed 1728K, reserved 1048576K
}
Event: 14.881 GC heap before
{Heap before GC invocations=3 (full 0):
 garbage-first heap   total 65536K, used 39439K [0x00000000c1600000, 0x0000000100000000)
  region size 1024K, 32 young (32768K), 3 survivors (3072K)
 Metaspace       used 17551K, committed 17792K, reserved 1064960K
  class space    used 2361K, committed 2496K, reserved 1048576K
}
Event: 14.897 GC heap after
{Heap after GC invocations=4 (full 0):
 garbage-first heap   total 65536K, used 12326K [0x00000000c1600000, 0x0000000100000000)
  region size 1024K, 4 young (4096K), 4 survivors (4096K)
 Metaspace       used 17551K, committed 17792K, reserved 1064960K
  class space    used 2361K, committed 2496K, reserved 1048576K
}
Event: 19.983 GC heap before
{Heap before GC invocations=4 (full 0):
 garbage-first heap   total 65536K, used 44070K [0x00000000c1600000, 0x0000000100000000)
  region size 1024K, 35 young (35840K), 4 survivors (4096K)
 Metaspace       used 20146K, committed 20480K, reserved 1073152K
  class space    used 2722K, committed 2880K, reserved 1048576K
}
Event: 19.996 GC heap after
{Heap after GC invocations=5 (full 0):
 garbage-first heap   total 65536K, used 15868K [0x00000000c1600000, 0x0000000100000000)
  region size 1024K, 5 young (5120K), 5 survivors (5120K)
 Metaspace       used 20146K, committed 20480K, reserved 1073152K
  class space    used 2722K, committed 2880K, reserved 1048576K
}
Event: 20.961 GC heap before
{Heap before GC invocations=5 (full 0):
 garbage-first heap   total 65536K, used 26108K [0x00000000c1600000, 0x0000000100000000)
  region size 1024K, 16 young (16384K), 5 survivors (5120K)
 Metaspace       used 21231K, committed 21504K, reserved 1073152K
  class space    used 2874K, committed 3008K, reserved 1048576K
}
Event: 20.981 GC heap after
{Heap after GC invocations=6 (full 0):
 garbage-first heap   total 65536K, used 16648K [0x00000000c1600000, 0x0000000100000000)
  region size 1024K, 1 young (1024K), 1 survivors (1024K)
 Metaspace       used 21231K, committed 21504K, reserved 1073152K
  class space    used 2874K, committed 3008K, reserved 1048576K
}
Event: 23.374 GC heap before
{Heap before GC invocations=7 (full 0):
 garbage-first heap   total 61440K, used 47368K [0x00000000c1600000, 0x0000000100000000)
  region size 1024K, 31 young (31744K), 1 survivors (1024K)
 Metaspace       used 25063K, committed 25472K, reserved 1073152K
  class space    used 3442K, committed 3648K, reserved 1048576K
}
Event: 23.391 GC heap after
{Heap after GC invocations=8 (full 0):
 garbage-first heap   total 61440K, used 18696K [0x00000000c1600000, 0x0000000100000000)
  region size 1024K, 3 young (3072K), 3 survivors (3072K)
 Metaspace       used 25063K, committed 25472K, reserved 1073152K
  class space    used 3442K, committed 3648K, reserved 1048576K
}
Event: 24.799 GC heap before
{Heap before GC invocations=8 (full 0):
 garbage-first heap   total 61440K, used 46344K [0x00000000c1600000, 0x0000000100000000)
  region size 1024K, 29 young (29696K), 3 survivors (3072K)
 Metaspace       used 29215K, committed 29632K, reserved 1081344K
  class space    used 4040K, committed 4224K, reserved 1048576K
}
Event: 24.815 GC heap after
{Heap after GC invocations=9 (full 0):
 garbage-first heap   total 61440K, used 21305K [0x00000000c1600000, 0x0000000100000000)
  region size 1024K, 3 young (3072K), 3 survivors (3072K)
 Metaspace       used 29215K, committed 29632K, reserved 1081344K
  class space    used 4040K, committed 4224K, reserved 1048576K
}
Event: 26.232 GC heap before
{Heap before GC invocations=9 (full 0):
 garbage-first heap   total 61440K, used 44857K [0x00000000c1600000, 0x0000000100000000)
  region size 1024K, 27 young (27648K), 3 survivors (3072K)
 Metaspace       used 34285K, committed 34752K, reserved 1081344K
  class space    used 4785K, committed 5056K, reserved 1048576K
}
Event: 26.241 GC heap after
{Heap after GC invocations=10 (full 0):
 garbage-first heap   total 61440K, used 22514K [0x00000000c1600000, 0x0000000100000000)
  region size 1024K, 2 young (2048K), 2 survivors (2048K)
 Metaspace       used 34285K, committed 34752K, reserved 1081344K
  class space    used 4785K, committed 5056K, reserved 1048576K
}

Deoptimization events (12 events):
Event: 3.640 Thread 0x0000016df411e780 DEOPT PACKING pc=0x0000016dfbaad005 sp=0x00000004633fe2e0
Event: 3.640 Thread 0x0000016df411e780 DEOPT UNPACKING pc=0x0000016dfb9a2b43 sp=0x00000004633fd840 mode 3
Event: 4.625 Thread 0x0000016df411e780 DEOPT PACKING pc=0x0000016dfbb1c8f5 sp=0x00000004633fdc40
Event: 4.625 Thread 0x0000016df411e780 DEOPT UNPACKING pc=0x0000016dfb9a2b43 sp=0x00000004633fd098 mode 3
Event: 15.389 Thread 0x0000016df411e780 DEOPT PACKING pc=0x0000016dfbf04899 sp=0x00000004633fd1e0
Event: 15.389 Thread 0x0000016df411e780 DEOPT UNPACKING pc=0x0000016dfb9a2b43 sp=0x00000004633fc6c0 mode 3
Event: 16.001 Thread 0x0000016df411e780 DEOPT PACKING pc=0x0000016dfbf254d5 sp=0x00000004633fde00
Event: 16.001 Thread 0x0000016df411e780 DEOPT UNPACKING pc=0x0000016dfb9a2b43 sp=0x00000004633fd2a8 mode 3
Event: 20.352 Thread 0x0000016df411e780 DEOPT PACKING pc=0x0000016dfbcbde9c sp=0x00000004633fe830
Event: 20.352 Thread 0x0000016df411e780 DEOPT UNPACKING pc=0x0000016dfb9a2b43 sp=0x00000004633fdcf8 mode 0
Event: 23.580 Thread 0x0000016df411e780 DEOPT PACKING pc=0x0000016dfc007d6c sp=0x00000004633fd600
Event: 23.580 Thread 0x0000016df411e780 DEOPT UNPACKING pc=0x0000016dfb9a2b43 sp=0x00000004633fcab8 mode 0

Classes unloaded (0 events):
No events

Classes redefined (0 events):
No events

Internal exceptions (20 events):
Event: 23.293 Thread 0x0000016df411e780 Exception <a 'java/lang/NoClassDefFoundError'{0x00000000c35304e8}: liquibase/integration/spring/SpringLiquibase> (0x00000000c35304e8) 
thrown [t:\workspace\open\src\hotspot\share\classfile\systemDictionary.cpp, line 245]
Event: 23.364 Thread 0x0000016df411e780 Exception <a 'java/lang/NoClassDefFoundError'{0x00000000c33ca780}: org/jooq/DSLContext> (0x00000000c33ca780) 
thrown [t:\workspace\open\src\hotspot\share\classfile\systemDictionary.cpp, line 245]
Event: 23.365 Thread 0x0000016df411e780 Exception <a 'java/lang/NoClassDefFoundError'{0x00000000c33dc2f8}: org/springframework/batch/core/repository/JobRepository> (0x00000000c33dc2f8) 
thrown [t:\workspace\open\src\hotspot\share\classfile\systemDictionary.cpp, line 245]
Event: 23.365 Thread 0x0000016df411e780 Exception <a 'java/lang/NoClassDefFoundError'{0x00000000c33de588}: org/quartz/Scheduler> (0x00000000c33de588) 
thrown [t:\workspace\open\src\hotspot\share\classfile\systemDictionary.cpp, line 245]
Event: 23.365 Thread 0x0000016df411e780 Exception <a 'java/lang/NoClassDefFoundError'{0x00000000c33e0df8}: org/springframework/session/jdbc/JdbcIndexedSessionRepository> (0x00000000c33e0df8) 
thrown [t:\workspace\open\src\hotspot\share\classfile\systemDictionary.cpp, line 245]
Event: 23.494 Thread 0x0000016df411e780 Exception <a 'java/lang/NoSuchMethodError'{0x00000000c5011e10}: 'void java.lang.invoke.DirectMethodHandle$Holder.invokeSpecial(java.lang.Object, java.lang.Object, java.lang.Object, java.lang.Object, java.lang.Object, java.lang.Object)'> (0x00000000c5011e10) 
thrown [t:\workspace\open\src\hotspot\share\interpreter\linkResolver.cpp, line 766]
Event: 23.920 Thread 0x0000016df411e780 Exception <a 'java/lang/NoSuchMethodError'{0x00000000c48715b8}: 'void java.lang.invoke.DirectMethodHandle$Holder.invokeInterface(java.lang.Object, java.lang.Object, int)'> (0x00000000c48715b8) 
thrown [t:\workspace\open\src\hotspot\share\interpreter\linkResolver.cpp, line 766]
Event: 23.931 Thread 0x0000016df411e780 Exception <a 'java/lang/IncompatibleClassChangeError'{0x00000000c48c11a8}: Found class java.lang.Object, but interface was expected> (0x00000000c48c11a8) 
thrown [t:\workspace\open\src\hotspot\share\interpreter\linkResolver.cpp, line 833]
Event: 23.934 Thread 0x0000016df411e780 Exception <a 'java/lang/NoSuchMethodError'{0x00000000c48d9c88}: 'void java.lang.invoke.DirectMethodHandle$Holder.invokeStatic(java.lang.Object, int, java.lang.Object)'> (0x00000000c48d9c88) 
thrown [t:\workspace\open\src\hotspot\share\interpreter\linkResolver.cpp, line 766]
Event: 23.942 Thread 0x0000016df411e780 Exception <a 'java/lang/NoSuchMethodError'{0x00000000c4716228}: 'void java.lang.invoke.DirectMethodHandle$Holder.invokeVirtual(java.lang.Object, java.lang.Object, int)'> (0x00000000c4716228) 
thrown [t:\workspace\open\src\hotspot\share\interpreter\linkResolver.cpp, line 766]
Event: 23.943 Thread 0x0000016df411e780 Exception <a 'java/lang/NoSuchMethodError'{0x00000000c471c470}: 'void java.lang.invoke.DirectMethodHandle$Holder.invokeStatic(java.lang.Object, java.lang.Object, java.lang.Object, int, java.lang.Object)'> (0x00000000c471c470) 
thrown [t:\workspace\open\src\hotspot\share\interpreter\linkResolver.cpp, line 766]
Event: 23.943 Thread 0x0000016df411e780 Exception <a 'java/lang/NoSuchMethodError'{0x00000000c4723978}: 'java.lang.Object java.lang.invoke.DirectMethodHandle$Holder.newInvokeSpecial(java.lang.Object, java.lang.Object, java.lang.Object, int)'> (0x00000000c4723978) 
thrown [t:\workspace\open\src\hotspot\share\interpreter\linkResolver.cpp, line 766]
Event: 23.943 Thread 0x0000016df411e780 Exception <a 'java/lang/NoSuchMethodError'{0x00000000c4727c60}: 'java.lang.Object java.lang.invoke.DirectMethodHandle$Holder.invokeSpecial(java.lang.Object, java.lang.Object, java.lang.Object, java.lang.Object, int)'> (0x00000000c4727c60) 
thrown [t:\workspace\open\src\hotspot\share\interpreter\linkResolver.cpp, line 766]
Event: 23.944 Thread 0x0000016df411e780 Exception <a 'java/lang/NoSuchMethodError'{0x00000000c472b828}: 'java.lang.Object java.lang.invoke.Invokers$Holder.linkToTargetMethod(java.lang.Object, java.lang.Object, int, java.lang.Object)'> (0x00000000c472b828) 
thrown [t:\workspace\open\src\hotspot\share\interpreter\linkResolver.cpp, line 766]
Event: 24.293 Thread 0x0000016df411e780 Exception <a 'java/lang/NoSuchMethodError'{0x00000000c3e72d20}: 'java.lang.Object java.lang.invoke.DirectMethodHandle$Holder.invokeSpecial(java.lang.Object, java.lang.Object, long, java.lang.Object, java.lang.Object, java.lang.Object, java.lang.Object, java.lang.Object, java.lang.Object)'> (0x00000000c3e72d20) 
thrown [t:\workspace\open\src\hotspot\share\interpreter\linkResolver.cpp, line 766]
Event: 24.293 Thread 0x0000016df411e780 Exception <a 'java/lang/NoSuchMethodError'{0x00000000c3e77848}: 'java.lang.Object java.lang.invoke.DelegatingMethodHandle$Holder.reinvoke_L(java.lang.Object, long, java.lang.Object, java.lang.Object, java.lang.Object, java.lang.Object, java.lang.Object, java.lang.Object)'> (0x00000000c3e77848) 
thrown [t:\workspace\open\src\hotspot\share\interpreter\linkResolver.cpp, line 766]
Event: 24.469 Thread 0x0000016df411e780 Exception <a 'java/io/FileNotFoundException'{0x00000000c3de5068}> (0x00000000c3de5068) 
thrown [t:\workspace\open\src\hotspot\share\prims\jni.cpp, line 516]
Event: 24.600 Thread 0x0000016df411e780 Exception <a 'java/lang/NoSuchMethodError'{0x00000000c3aad840}: 'int java.lang.invoke.DirectMethodHandle$Holder.invokeInterface(java.lang.Object, java.lang.Object, java.lang.Object, java.lang.Object)'> (0x00000000c3aad840) 
thrown [t:\workspace\open\src\hotspot\share\interpreter\linkResolver.cpp, line 766]
Event: 24.798 Thread 0x0000016df411e780 Exception <a 'java/lang/NoSuchMethodError'{0x00000000c38f6c08}: 'long java.lang.invoke.DirectMethodHandle$Holder.invokeVirtual(java.lang.Object, java.lang.Object)'> (0x00000000c38f6c08) 
thrown [t:\workspace\open\src\hotspot\share\interpreter\linkResolver.cpp, line 766]
Event: 25.256 Thread 0x0000016df411e780 Exception <a 'sun/nio/fs/WindowsException'{0x00000000c4bb39b0}> (0x00000000c4bb39b0) 
thrown [t:\workspace\open\src\hotspot\share\prims\jni.cpp, line 516]

VM Operations (20 events):
Event: 24.243 Executing VM operation: HandshakeAllThreads
Event: 24.243 Executing VM operation: HandshakeAllThreads done
Event: 24.356 Executing VM operation: HandshakeAllThreads
Event: 24.356 Executing VM operation: HandshakeAllThreads done
Event: 24.721 Executing VM operation: HandshakeAllThreads
Event: 24.721 Executing VM operation: HandshakeAllThreads done
Event: 24.721 Executing VM operation: Cleanup
Event: 24.721 Executing VM operation: Cleanup done
Event: 24.722 Executing VM operation: HandshakeAllThreads
Event: 24.722 Executing VM operation: HandshakeAllThreads done
Event: 24.799 Executing VM operation: G1CollectForAllocation
Event: 24.815 Executing VM operation: G1CollectForAllocation done
Event: 24.848 Executing VM operation: HandshakeAllThreads
Event: 24.848 Executing VM operation: HandshakeAllThreads done
Event: 25.098 Executing VM operation: HandshakeAllThreads
Event: 25.114 Executing VM operation: HandshakeAllThreads done
Event: 26.125 Executing VM operation: Cleanup
Event: 26.126 Executing VM operation: Cleanup done
Event: 26.232 Executing VM operation: G1CollectForAllocation
Event: 26.241 Executing VM operation: G1CollectForAllocation done

Events (20 events):
Event: 25.933 loading class javax/xml/stream/XMLEventReader done
Event: 25.933 loading class javax/xml/stream/XMLResolver
Event: 25.933 loading class javax/xml/stream/XMLResolver done
Event: 25.940 loading class javax/xml/stream/XMLEventFactory
Event: 25.942 loading class javax/xml/stream/XMLEventFactory done
Event: 25.942 loading class javax/xml/stream/FactoryFinder
Event: 25.944 loading class javax/xml/stream/FactoryFinder done
Event: 25.948 loading class javax/xml/stream/FactoryFinder$1
Event: 25.948 loading class javax/xml/stream/FactoryFinder$1 done
Event: 25.949 loading class com/sun/xml/internal/stream/events/XMLEventFactoryImpl
Event: 25.950 loading class com/sun/xml/internal/stream/events/XMLEventFactoryImpl done
Event: 26.011 Loaded shared library C:\Users\ADMIN\.jdks\openjdk-17.0.2\bin\verify.dll
Event: 26.041 loading class java/lang/Process
Event: 26.042 loading class java/lang/Process done
Event: 26.138 loading class java/lang/reflect/GenericSignatureFormatError
Event: 26.138 loading class java/lang/reflect/GenericSignatureFormatError done
Event: 26.144 Thread 0x0000016d846a1680 Thread added: 0x0000016d846a1680
Event: 26.154 Thread 0x0000016d846a1680 Thread exited: 0x0000016d846a1680
Event: 26.205 loading class java/io/Console
Event: 26.206 loading class java/io/Console done


Dynamic libraries:
0x00007ff76c5f0000 - 0x00007ff76c5fe000 	C:\Users\ADMIN\.jdks\openjdk-17.0.2\bin\java.exe
0x00007ffef2e90000 - 0x00007ffef30a6000 	C:\WINDOWS\SYSTEM32\ntdll.dll
0x00007ffef2780000 - 0x00007ffef2844000 	C:\WINDOWS\System32\KERNEL32.DLL
0x00007ffef0810000 - 0x00007ffef0bb7000 	C:\WINDOWS\System32\KERNELBASE.dll
0x00007ffef0270000 - 0x00007ffef0381000 	C:\WINDOWS\System32\ucrtbase.dll
0x00007ffee03f0000 - 0x00007ffee0408000 	C:\Users\ADMIN\.jdks\openjdk-17.0.2\bin\jli.dll
0x00007ffef0f20000 - 0x00007ffef10ce000 	C:\WINDOWS\System32\USER32.dll
0x00007ffef07e0000 - 0x00007ffef0806000 	C:\WINDOWS\System32\win32u.dll
0x00007ffef29b0000 - 0x00007ffef29d9000 	C:\WINDOWS\System32\GDI32.dll
0x00007ffef0610000 - 0x00007ffef0729000 	C:\WINDOWS\System32\gdi32full.dll
0x00007ffef0500000 - 0x00007ffef059a000 	C:\WINDOWS\System32\msvcp_win.dll
0x00007ffed6d30000 - 0x00007ffed6d4a000 	C:\Users\ADMIN\.jdks\openjdk-17.0.2\bin\VCRUNTIME140.dll
0x00007ffed8310000 - 0x00007ffed85a3000 	C:\WINDOWS\WinSxS\amd64_microsoft.windows.common-controls_6595b64144ccf1df_6.0.22621.3235_none_270f74e173860f98\COMCTL32.dll
0x00007ffef2cc0000 - 0x00007ffef2d67000 	C:\WINDOWS\System32\msvcrt.dll
0x00007ffef2c60000 - 0x00007ffef2c91000 	C:\WINDOWS\System32\IMM32.DLL
0x00007ffeded40000 - 0x00007ffeded4c000 	C:\Users\ADMIN\.jdks\openjdk-17.0.2\bin\vcruntime140_1.dll
0x00007ffeaedc0000 - 0x00007ffeaee4d000 	C:\Users\ADMIN\.jdks\openjdk-17.0.2\bin\msvcp140.dll
0x00007ffea7c50000 - 0x00007ffea8811000 	C:\Users\ADMIN\.jdks\openjdk-17.0.2\bin\server\jvm.dll
0x00007ffef22b0000 - 0x00007ffef2362000 	C:\WINDOWS\System32\ADVAPI32.dll
0x00007ffef2a90000 - 0x00007ffef2b38000 	C:\WINDOWS\System32\sechost.dll
0x00007ffef07b0000 - 0x00007ffef07d8000 	C:\WINDOWS\System32\bcrypt.dll
0x00007ffef0e00000 - 0x00007ffef0f15000 	C:\WINDOWS\System32\RPCRT4.dll
0x00007ffef2700000 - 0x00007ffef2708000 	C:\WINDOWS\System32\PSAPI.DLL
0x00007ffeeaf40000 - 0x00007ffeeaf49000 	C:\WINDOWS\SYSTEM32\WSOCK32.dll
0x00007ffef2be0000 - 0x00007ffef2c51000 	C:\WINDOWS\System32\WS2_32.dll
0x00007ffee6330000 - 0x00007ffee6364000 	C:\WINDOWS\SYSTEM32\WINMM.dll
0x00007ffeedec0000 - 0x00007ffeedeca000 	C:\WINDOWS\SYSTEM32\VERSION.dll
0x00007ffeef1f0000 - 0x00007ffeef208000 	C:\WINDOWS\SYSTEM32\kernel.appcore.dll
0x00007ffedca30000 - 0x00007ffedca3a000 	C:\Users\ADMIN\.jdks\openjdk-17.0.2\bin\jimage.dll
0x00007ffeed0b0000 - 0x00007ffeed2e3000 	C:\WINDOWS\SYSTEM32\DBGHELP.DLL
0x00007ffef2370000 - 0x00007ffef26f8000 	C:\WINDOWS\System32\combase.dll
0x00007ffef2d70000 - 0x00007ffef2e47000 	C:\WINDOWS\System32\OLEAUT32.dll
0x00007ffecc700000 - 0x00007ffecc732000 	C:\WINDOWS\SYSTEM32\dbgcore.DLL
0x00007ffef0730000 - 0x00007ffef07a9000 	C:\WINDOWS\System32\bcryptPrimitives.dll
0x00007ffeedf20000 - 0x00007ffeedf2e000 	C:\Users\ADMIN\.jdks\openjdk-17.0.2\bin\instrument.dll
0x00007ffebf3b0000 - 0x00007ffebf3d5000 	C:\Users\ADMIN\.jdks\openjdk-17.0.2\bin\java.dll
0x00007ffeae460000 - 0x00007ffeae536000 	C:\Users\ADMIN\.jdks\openjdk-17.0.2\bin\jsvml.dll
0x00007ffef1870000 - 0x00007ffef20cc000 	C:\WINDOWS\System32\SHELL32.dll
0x00007ffeee110000 - 0x00007ffeeea09000 	C:\WINDOWS\SYSTEM32\windows.storage.dll
0x00007ffeedfd0000 - 0x00007ffeee10e000 	C:\WINDOWS\SYSTEM32\wintypes.dll
0x00007ffef10d0000 - 0x00007ffef11c3000 	C:\WINDOWS\System32\SHCORE.dll
0x00007ffef11d0000 - 0x00007ffef122e000 	C:\WINDOWS\System32\shlwapi.dll
0x00007ffef00e0000 - 0x00007ffef0101000 	C:\WINDOWS\SYSTEM32\profapi.dll
0x00007ffebf390000 - 0x00007ffebf3a8000 	C:\Users\ADMIN\.jdks\openjdk-17.0.2\bin\zip.dll
0x00007ffed6d10000 - 0x00007ffed6d29000 	C:\Users\ADMIN\.jdks\openjdk-17.0.2\bin\net.dll
0x00007ffee7130000 - 0x00007ffee7266000 	C:\WINDOWS\SYSTEM32\WINHTTP.dll
0x00007ffeef660000 - 0x00007ffeef6c9000 	C:\WINDOWS\system32\mswsock.dll
0x00007ffecfb20000 - 0x00007ffecfb36000 	C:\Users\ADMIN\.jdks\openjdk-17.0.2\bin\nio.dll
0x00007ffeeca70000 - 0x00007ffeeca8a000 	C:\Program Files\JetBrains\IntelliJ IDEA 2023.2.1\bin\breakgen64.dll
0x00007ffeeece0000 - 0x00007ffeeedd9000 	C:\WINDOWS\SYSTEM32\DNSAPI.dll
0x00007ffeeec70000 - 0x00007ffeeec9d000 	C:\WINDOWS\SYSTEM32\IPHLPAPI.DLL
0x00007ffef0df0000 - 0x00007ffef0df9000 	C:\WINDOWS\System32\NSI.dll
0x00007ffed2f10000 - 0x00007ffed2f1a000 	C:\Windows\System32\rasadhlp.dll
0x00007ffee4c30000 - 0x00007ffee4cb3000 	C:\WINDOWS\System32\fwpuclnt.dll
0x00007ffeecbf0000 - 0x00007ffeecbf9000 	C:\Users\ADMIN\.jdks\openjdk-17.0.2\bin\management.dll
0x00007ffeeca60000 - 0x00007ffeeca6b000 	C:\Users\ADMIN\.jdks\openjdk-17.0.2\bin\management_ext.dll
0x00007ffeef8d0000 - 0x00007ffeef8eb000 	C:\WINDOWS\SYSTEM32\CRYPTSP.dll
0x00007ffeef150000 - 0x00007ffeef185000 	C:\WINDOWS\system32\rsaenh.dll
0x00007ffeef760000 - 0x00007ffeef788000 	C:\WINDOWS\SYSTEM32\USERENV.dll
0x00007ffeef8c0000 - 0x00007ffeef8cc000 	C:\WINDOWS\SYSTEM32\CRYPTBASE.dll
0x00007ffee81c0000 - 0x00007ffee81d9000 	C:\WINDOWS\SYSTEM32\dhcpcsvc6.DLL
0x00007ffee81a0000 - 0x00007ffee81bf000 	C:\WINDOWS\SYSTEM32\dhcpcsvc.DLL
0x00007ffecab40000 - 0x00007ffecab57000 	C:\WINDOWS\system32\napinsp.dll
0x00007ffeca890000 - 0x00007ffeca8ab000 	C:\WINDOWS\system32\pnrpnsp.dll
0x00007ffeca870000 - 0x00007ffeca881000 	C:\WINDOWS\System32\winrnr.dll
0x00007ffeca840000 - 0x00007ffeca861000 	C:\WINDOWS\system32\nlansp_c.dll
0x00007ffee6f30000 - 0x00007ffee6f45000 	C:\WINDOWS\system32\wshbth.dll
0x00007ffeecbe0000 - 0x00007ffeecbee000 	C:\Users\ADMIN\.jdks\openjdk-17.0.2\bin\sunmscapi.dll
0x00007ffef0390000 - 0x00007ffef04f7000 	C:\WINDOWS\System32\CRYPT32.dll
0x00007ffeefa80000 - 0x00007ffeefaae000 	C:\WINDOWS\SYSTEM32\ncrypt.dll
0x00007ffeefa40000 - 0x00007ffeefa77000 	C:\WINDOWS\SYSTEM32\NTASN1.dll
0x00007ffed6c80000 - 0x00007ffed6c90000 	C:\Users\ADMIN\.jdks\openjdk-17.0.2\bin\verify.dll

dbghelp: loaded successfully - version: 4.0.5 - missing functions: none
symbol engine: initialized successfully - sym options: 0x614 - pdb path: .;C:\Users\ADMIN\.jdks\openjdk-17.0.2\bin;C:\WINDOWS\SYSTEM32;C:\WINDOWS\WinSxS\amd64_microsoft.windows.common-controls_6595b64144ccf1df_6.0.22621.3235_none_270f74e173860f98;C:\Users\ADMIN\.jdks\openjdk-17.0.2\bin\server;C:\Program Files\JetBrains\IntelliJ IDEA 2023.2.1\bin

VM Arguments:
jvm_args: -XX:TieredStopAtLevel=1 -Dspring.output.ansi.enabled=always -Dcom.sun.management.jmxremote -Dspring.jmx.enabled=true -Dspring.liveBeansView.mbeanDomain -Dspring.application.admin.enabled=true -Dmanagement.endpoints.jmx.exposure.include=* -javaagent:C:\Program Files\JetBrains\IntelliJ IDEA 2023.2.1\lib\idea_rt.jar=59543:C:\Program Files\JetBrains\IntelliJ IDEA 2023.2.1\bin -Dfile.encoding=UTF-8 
java_command: demo.sad.invoiceservice.InvoiceserviceApplication
java_class_path (initial): D:\Class\DBCL\checkout-invoice\sad\invoiceservice\target\classes;C:\Users\ADMIN\.m2\repository\org\springframework\boot\spring-boot-starter-data-jpa\3.2.5\spring-boot-starter-data-jpa-3.2.5.jar;C:\Users\ADMIN\.m2\repository\org\springframework\boot\spring-boot-starter-aop\3.2.5\spring-boot-starter-aop-3.2.5.jar;C:\Users\ADMIN\.m2\repository\org\springframework\spring-aop\6.1.6\spring-aop-6.1.6.jar;C:\Users\ADMIN\.m2\repository\org\aspectj\aspectjweaver\1.9.22\aspectjweaver-1.9.22.jar;C:\Users\ADMIN\.m2\repository\org\springframework\boot\spring-boot-starter-jdbc\3.2.5\spring-boot-starter-jdbc-3.2.5.jar;C:\Users\ADMIN\.m2\repository\com\zaxxer\HikariCP\5.0.1\HikariCP-5.0.1.jar;C:\Users\ADMIN\.m2\repository\org\springframework\spring-jdbc\6.1.6\spring-jdbc-6.1.6.jar;C:\Users\ADMIN\.m2\repository\org\hibernate\orm\hibernate-core\6.4.4.Final\hibernate-core-6.4.4.Final.jar;C:\Users\ADMIN\.m2\repository\jakarta\persistence\jakarta.persistence-api\3.1.0\jakarta.persistence-api-3.1.0.jar;C:\Users\ADMIN\.m2\repository\jakarta\transaction\jakarta.transaction-api\2.0.1\jakarta.transaction-api-2.0.1.jar;C:\Users\ADMIN\.m2\repository\org\jboss\logging\jboss-logging\3.5.3.Final\jboss-logging-3.5.3.Final.jar;C:\Users\ADMIN\.m2\repository\org\hibernate\common\hibernate-commons-annotations\6.0.6.Final\hibernate-commons-annotations-6.0.6.Final.jar;C:\Users\ADMIN\.m2\repository\io\smallrye\jandex\3.1.2\jandex-3.1.2.jar;C:\Users\ADMIN\.m2\repository\com\fasterxml\classmate\1.6.0\classmate-1.6.0.jar;C:\Users\ADMIN\.m2\repository\net\bytebuddy\byte-buddy\1.14.13\byte-buddy-1.14.13.jar;C:\Users\ADMIN\.m2\repository\org\glassfish\jaxb\jaxb-runtime\4.0.5\jaxb-runtime-4.0.5.jar;C:\Users\ADMIN\.m2\repository\org\glassfish\jaxb\jaxb-core\4.0.5\jaxb-core-4.0.5.jar;C:\Users\ADMIN\.m2\repository\org\eclipse\angus\angus-activation\2.0.2\angus-activation-2.0.2.jar;C:\Users\ADMIN\.m2\repository\org\glassfish\jaxb\txw2\4.0.5\txw2-4.0.5.jar;C:\Users\ADMIN\.m2\repository\co
Launcher Type: SUN_STANDARD

[Global flags]
     intx CICompilerCount                          = 3                                         {product} {ergonomic}
     uint ConcGCThreads                            = 1                                         {product} {ergonomic}
     uint G1ConcRefinementThreads                  = 4                                         {product} {ergonomic}
   size_t G1HeapRegionSize                         = 1048576                                   {product} {ergonomic}
    uintx GCDrainStackTargetSize                   = 64                                        {product} {ergonomic}
   size_t InitialHeapSize                          = 67108864                                  {product} {ergonomic}
     bool ManagementServer                         = true                                      {product} {command line}
   size_t MarkStackSize                            = 4194304                                   {product} {ergonomic}
   size_t MaxHeapSize                              = 1050673152                                {product} {ergonomic}
   size_t MaxNewSize                               = 630194176                                 {product} {ergonomic}
   size_t MinHeapDeltaBytes                        = 1048576                                   {product} {ergonomic}
   size_t MinHeapSize                              = 8388608                                   {product} {ergonomic}
    uintx NonProfiledCodeHeapSize                  = 0                                      {pd product} {ergonomic}
     bool ProfileInterpreter                       = false                                  {pd product} {command line}
    uintx ProfiledCodeHeapSize                     = 0                                      {pd product} {ergonomic}
   size_t SoftMaxHeapSize                          = 1050673152                             {manageable} {ergonomic}
     intx TieredStopAtLevel                        = 1                                         {product} {command line}
     bool UseCompressedClassPointers               = true                           {product lp64_product} {ergonomic}
     bool UseCompressedOops                        = true                           {product lp64_product} {ergonomic}
     bool UseG1GC                                  = true                                      {product} {ergonomic}
     bool UseLargePagesIndividualAllocation        = false                                  {pd product} {ergonomic}

Logging:
Log output configuration:
 #0: stdout all=warning uptime,level,tags
 #1: stderr all=off uptime,level,tags

Environment Variables:
PATH=C:\WINDOWS\system32;C:\WINDOWS;C:\WINDOWS\System32\Wbem;C:\WINDOWS\System32\WindowsPowerShell\v1.0\;C:\WINDOWS\System32\OpenSSH\;C:\Program Files\Git\cmd;C:\Program Files\nodejs\;C:\Program Files\MySQL\MySQL Shell 8.0\bin\;C:\Users\ADMIN\AppData\Local\Microsoft\WindowsApps;;C:\Program Files\JetBrains\IntelliJ IDEA 2023.2.1\bin;;C:\Users\ADMIN\AppData\Local\Programs\Microsoft VS Code\bin;C:\Users\ADMIN\AppData\Roaming\npm
USERNAME=ADMIN
OS=Windows_NT
PROCESSOR_IDENTIFIER=Intel64 Family 6 Model 142 Stepping 10, GenuineIntel



---------------  S Y S T E M  ---------------

OS:
 Windows 11 , 64 bit Build 22621 (10.0.22621.3374)
OS uptime: 4 days 8:40 hours

CPU: total 4 (initial active 4) (2 cores per cpu, 2 threads per core) family 6 model 142 stepping 10 microcode 0xea, cx8, cmov, fxsr, ht, mmx, 3dnowpref, sse, sse2, sse3, ssse3, sse4.1, sse4.2, popcnt, lzcnt, tsc, tscinvbit, avx, avx2, aes, erms, clmul, bmi1, bmi2, adx, fma, vzeroupper, clflush, clflushopt

Memory: 4k page, system-wide physical 4007M (214M free)
TotalPageFile size 16295M (AvailPageFile size 7M)
current process WorkingSet (physical memory assigned to process): 136M, peak: 136M
current process commit charge ("private bytes"): 188M, peak: 188M

vm_info: OpenJDK 64-Bit Server VM (17.0.2+8-86) for windows-amd64 JRE (17.0.2+8-86), built on Dec  7 2021 21:49:10 by "mach5one" with MS VC++ 16.8 / 16.9 (VS2019)

END.
